[conflicted] Will prefer dplyr::filter over any other package.
Rows: 15051 Columns: 18
-- Column specification --------------------------------------------------------
Delimiter: ","
chr  (8): Email Address, First Name, Last Name, Known As, User Name, Coach G...
dbl  (7): ID, Administration, Builder, Team Admin, Coach, Athlete, UUID
lgl  (1): Active
date (2): Date Of Birth, Most Recent Login

i Use `spec()` to retrieve the full column specification for this data.
i Specify the column types or set `show_col_types = FALSE` to quiet this message.
Warning message:
One or more parsing issues, call `problems()` on your data frame for details,
e.g.:
  dat <- vroom(...)
  problems(dat) 
Rows: 13 Columns: 2
-- Column specification --------------------------------------------------------
Delimiter: ","
chr (2): reporter, email

i Use `spec()` to retrieve the full column specification for this data.
i Specify the column types or set `show_col_types = FALSE` to quiet this message.
2024-03-15 21:40:03 
no files found!
[conflicted] Will prefer dplyr::filter over any other package.
2024-03-15 21:45:02 
Warning message:
One or more parsing issues, call `problems()` on your data frame for details,
e.g.:
  dat <- vroom(...)
  problems(dat) 
no files found!
[conflicted] Will prefer dplyr::filter over any other package.
2024-03-15 21:50:03 
Warning message:
One or more parsing issues, call `problems()` on your data frame for details,
e.g.:
  dat <- vroom(...)
  problems(dat) 
no files found!
[conflicted] Will prefer dplyr::filter over any other package.
2024-03-15 21:55:02 
Warning message:
One or more parsing issues, call `problems()` on your data frame for details,
e.g.:
  dat <- vroom(...)
  problems(dat) 
no files found!
[conflicted] Will prefer dplyr::filter over any other package.
2024-03-15 22:00:02 
Warning message:
One or more parsing issues, call `problems()` on your data frame for details,
e.g.:
  dat <- vroom(...)
  problems(dat) 
no files found!
[conflicted] Will prefer dplyr::filter over any other package.
2024-03-16 09:15:02 
Warning message:
One or more parsing issues, call `problems()` on your data frame for details,
e.g.:
  dat <- vroom(...)
  problems(dat) 
no files found!
[conflicted] Will prefer dplyr::filter over any other package.
2024-03-16 09:20:02 
Warning message:
One or more parsing issues, call `problems()` on your data frame for details,
e.g.:
  dat <- vroom(...)
  problems(dat) 
no files found!
[conflicted] Will prefer dplyr::filter over any other package.
2024-03-16 09:25:02 
Warning message:
One or more parsing issues, call `problems()` on your data frame for details,
e.g.:
  dat <- vroom(...)
  problems(dat) 
no files found!
[conflicted] Will prefer dplyr::filter over any other package.
2024-03-16 09:30:02 
Warning message:
One or more parsing issues, call `problems()` on your data frame for details,
e.g.:
  dat <- vroom(...)
  problems(dat) 
[conflicted] Removing existing preference.
[conflicted] Will prefer dplyr::filter over any other package.
Logging ming_chang_tsai into https://canadiansport.smartabase.com/csip...
v Successfully logged ming_chang_tsai into https://canadiansport.smartabase.com/csip.
Error in `.validate_import_date_length()`:
! Incorrect start_date value supplied at row: 4.
! `start_date` must be 10 characters.
! You supplied 04/Feb/24.
Backtrace:
     x
  1. +-base::source(...)
  2. | +-base::withVisible(eval(ei, envir))
  3. | \-base::eval(ei, envir)
  4. |   \-base::eval(ei, envir)
  5. +-smartabaseR::sb_insert_event(...)
  6. | \-smartabaseR:::.import_handler(df, arg)
  7. |   \-... %>% .attach_user_id_to_df(., arg)
  8. +-smartabaseR:::.attach_user_id_to_df(., arg)
  9. | \-"user_id" %in% names(df)
 10. \-smartabaseR:::.insert_date_time(., arg$current_env)
 11.   \-smartabaseR:::.insert_current_date_time(...)
 12.     \-smartabaseR:::.validate_import_date_length(df, "start_date", env)
 13.       \-cli::cli_abort(...)
 14.         \-rlang::abort(...)
Execution halted
[conflicted] Will prefer dplyr::filter over any other package.
2024-03-16 09:35:02 
Warning message:
One or more parsing issues, call `problems()` on your data frame for details,
e.g.:
  dat <- vroom(...)
  problems(dat) 
[conflicted] Removing existing preference.
[conflicted] Will prefer dplyr::filter over any other package.
Logging ming_chang_tsai into https://canadiansport.smartabase.com/csip...
v Successfully logged ming_chang_tsai into https://canadiansport.smartabase.com/csip.
INSERTING 4 records into ISAK Anthros over 1 calls to the Smartabase API...
INSERTING 4 new records into ISAK Anthros...
! UNEXPECTED_ERROR: An unexpected error occurred
[conflicted] Removing existing preference.
[conflicted] Will prefer dplyr::filter over any other package.
Error in file(filename, "r", encoding = encoding) : 
  cannot open the connection
Calls: source -> withVisible -> eval -> eval -> source -> file
In addition: Warning message:
In file(filename, "r", encoding = encoding) :
  cannot open file 'sb_download.R': No such file or directory
Execution halted
[conflicted] Will prefer dplyr::filter over any other package.
2024-03-16 09:40:02 
Warning message:
One or more parsing issues, call `problems()` on your data frame for details,
e.g.:
  dat <- vroom(...)
  problems(dat) 
[conflicted] Removing existing preference.
[conflicted] Will prefer dplyr::filter over any other package.
Logging ming_chang_tsai into https://canadiansport.smartabase.com/csip...
v Successfully logged ming_chang_tsai into https://canadiansport.smartabase.com/csip.
INSERTING 4 records into ISAK Anthros over 1 calls to the Smartabase API...
INSERTING 4 new records into ISAK Anthros...
! UNEXPECTED_ERROR: An unexpected error occurred
[conflicted] Removing existing preference.
[conflicted] Will prefer dplyr::filter over any other package.
[conflicted] Removing existing preference.
[conflicted] Will prefer dplyr::filter over any other package.
Initiating ISAK Anthros export between Mar 16 2017 - Mar 16 2024...
Requesting user data from Smartabase...
Initiating ISAK Anthros export between Mar 16 2017 - Mar 16 2024...Wrangling user data...
Wrangling user data...v User details export successful.
Requesting event data from Smartabase...
Wrangling event data...
v ISAK Anthros export successful (Mar 16 2017 - Mar 16 2024).


processing file: anthro_report_mct.Rmd
1/13                  
2/13 [unnamed-chunk-1]
3/13                  
4/13 [unnamed-chunk-2]
5/13                  
6/13 [unnamed-chunk-3]
7/13                  
8/13 [unnamed-chunk-4]
9/13                  
10/13 [unnamed-chunk-5]
11/13                  
12/13 [unnamed-chunk-6]
13/13                  
output file: anthro_report_mct.knit.md

/Applications/RStudio.app/Contents/Resources/app/quarto/bin/tools/pandoc +RTS -K512m -RTS anthro_report_mct.knit.md --to latex --from markdown+autolink_bare_uris+tex_math_single_backslash --output pandoce142fd334cf.tex --lua-filter /Library/Frameworks/R.framework/Versions/4.2-arm64/Resources/library/rmarkdown/rmarkdown/lua/pagebreak.lua --lua-filter /Library/Frameworks/R.framework/Versions/4.2-arm64/Resources/library/rmarkdown/rmarkdown/lua/latex-div.lua --embed-resources --standalone --highlight-style tango --pdf-engine pdflatex --variable graphics --include-in-header /tmp/Rtmpp7aAC1/rmarkdown-stre143e0d6f69.html --include-in-header /tmp/Rtmpp7aAC1/rmarkdown-stre14640d7652.html 

Output created: ~/CSI Pacific Dropbox/Ming-Chang Tsai/Tsai/CSIP/projects/misc/UVic/Vanessa/Data Wrangling/reports/2024-02-10/Mika Kimmins_2024-02-10.pdf


processing file: anthro_report_mct.Rmd
1/13                  
2/13 [unnamed-chunk-1]
3/13                  
4/13 [unnamed-chunk-2]
5/13                  
6/13 [unnamed-chunk-3]
7/13                  
8/13 [unnamed-chunk-4]
9/13                  
10/13 [unnamed-chunk-5]
11/13                  
12/13 [unnamed-chunk-6]
13/13                  
output file: anthro_report_mct.knit.md

/Applications/RStudio.app/Contents/Resources/app/quarto/bin/tools/pandoc +RTS -K512m -RTS anthro_report_mct.knit.md --to latex --from markdown+autolink_bare_uris+tex_math_single_backslash --output pandoce14340458f7.tex --lua-filter /Library/Frameworks/R.framework/Versions/4.2-arm64/Resources/library/rmarkdown/rmarkdown/lua/pagebreak.lua --lua-filter /Library/Frameworks/R.framework/Versions/4.2-arm64/Resources/library/rmarkdown/rmarkdown/lua/latex-div.lua --embed-resources --standalone --highlight-style tango --pdf-engine pdflatex --variable graphics --include-in-header /tmp/Rtmpp7aAC1/rmarkdown-stre146b9cf9c0.html --include-in-header /tmp/Rtmpp7aAC1/rmarkdown-stre14ed0e372.html 

Output created: ~/CSI Pacific Dropbox/Ming-Chang Tsai/Tsai/CSIP/projects/misc/UVic/Vanessa/Data Wrangling/reports/2024-02-09/MacKenzie Copp_2024-02-09.pdf


processing file: anthro_report_mct.Rmd
1/13                  
2/13 [unnamed-chunk-1]
3/13                  
4/13 [unnamed-chunk-2]
5/13                  
6/13 [unnamed-chunk-3]
7/13                  
8/13 [unnamed-chunk-4]
9/13                  
10/13 [unnamed-chunk-5]
11/13                  
12/13 [unnamed-chunk-6]
13/13                  
output file: anthro_report_mct.knit.md

/Applications/RStudio.app/Contents/Resources/app/quarto/bin/tools/pandoc +RTS -K512m -RTS anthro_report_mct.knit.md --to latex --from markdown+autolink_bare_uris+tex_math_single_backslash --output pandoce145aaa697f.tex --lua-filter /Library/Frameworks/R.framework/Versions/4.2-arm64/Resources/library/rmarkdown/rmarkdown/lua/pagebreak.lua --lua-filter /Library/Frameworks/R.framework/Versions/4.2-arm64/Resources/library/rmarkdown/rmarkdown/lua/latex-div.lua --embed-resources --standalone --highlight-style tango --pdf-engine pdflatex --variable graphics --include-in-header /tmp/Rtmpp7aAC1/rmarkdown-stre149f236dc.html --include-in-header /tmp/Rtmpp7aAC1/rmarkdown-stre147cefaa9d.html 

Output created: ~/CSI Pacific Dropbox/Ming-Chang Tsai/Tsai/CSIP/projects/misc/UVic/Vanessa/Data Wrangling/reports/2024-02-11/Patricia Obee_2024-02-11.pdf


processing file: anthro_report_mct.Rmd
1/13                  
2/13 [unnamed-chunk-1]
3/13                  
4/13 [unnamed-chunk-2]
5/13                  
6/13 [unnamed-chunk-3]
7/13                  
8/13 [unnamed-chunk-4]
9/13                  
10/13 [unnamed-chunk-5]

Quitting from lines 181-255 [unnamed-chunk-5] (anthro_report_mct.Rmd)
Error in `data.frame()`:
! arguments imply differing number of rows: 0, 10
Backtrace:
 1. base::data.frame(...)
Execution halted
[conflicted] Will prefer dplyr::filter over any other package.
2024-03-16 09:45:02 
Warning message:
One or more parsing issues, call `problems()` on your data frame for details,
e.g.:
  dat <- vroom(...)
  problems(dat) 
no files found!
[conflicted] Will prefer dplyr::filter over any other package.
2024-03-16 09:50:02 
Warning message:
One or more parsing issues, call `problems()` on your data frame for details,
e.g.:
  dat <- vroom(...)
  problems(dat) 
no files found!
[conflicted] Will prefer dplyr::filter over any other package.
2024-03-16 09:55:02 
Warning message:
One or more parsing issues, call `problems()` on your data frame for details,
e.g.:
  dat <- vroom(...)
  problems(dat) 
no files found!
[conflicted] Will prefer dplyr::filter over any other package.
2024-03-16 12:15:02 
Error: There is no blastula key that corresponds to the `id` of "Gmail".
In addition: Warning messages:
1: package 'blastula' was built under R version 4.2.3 
2: package 'glue' was built under R version 4.2.3 
Execution halted
[conflicted] Will prefer dplyr::filter over any other package.
2024-03-16 12:20:02 
Error: There is no blastula key that corresponds to the `id` of "Gmail".
In addition: Warning messages:
1: package 'blastula' was built under R version 4.2.3 
2: package 'glue' was built under R version 4.2.3 
Execution halted
[conflicted] Will prefer dplyr::filter over any other package.
2024-03-16 12:25:03 
Error: There is no blastula key that corresponds to the `id` of "Gmail".
In addition: Warning messages:
1: package 'blastula' was built under R version 4.2.3 
2: package 'glue' was built under R version 4.2.3 
Execution halted
[conflicted] Will prefer dplyr::filter over any other package.
2024-03-16 12:30:02 
Error: There is no blastula key that corresponds to the `id` of "Gmail".
In addition: Warning messages:
1: package 'blastula' was built under R version 4.2.3 
2: package 'glue' was built under R version 4.2.3 
Execution halted
[conflicted] Will prefer dplyr::filter over any other package.
2024-03-16 12:35:02 
Error: There is no blastula key that corresponds to the `id` of "Gmail".
In addition: Warning messages:
1: package 'blastula' was built under R version 4.2.3 
2: package 'glue' was built under R version 4.2.3 
Execution halted
[conflicted] Will prefer dplyr::filter over any other package.
2024-03-16 12:40:02 
Error: There is no blastula key that corresponds to the `id` of "Gmail".
In addition: Warning messages:
1: package 'blastula' was built under R version 4.2.3 
2: package 'glue' was built under R version 4.2.3 
Execution halted
[conflicted] Will prefer dplyr::filter over any other package.
2024-03-16 12:45:02 
Error in creds_internal(user = user, password = password, provider = provider,  : 
  object 'password' not found
Calls: source ... create_smtp_creds_key -> create_credentials_list -> creds_internal
In addition: Warning messages:
1: package 'blastula' was built under R version 4.2.3 
2: package 'glue' was built under R version 4.2.3 
Execution halted
[conflicted] Will prefer dplyr::filter over any other package.
2024-03-16 12:50:03 
Error in create_smtp_creds_key(id = "Gmail", user = "tsai.ming.chang@gmail.com",  : 
  unused argument (password = "ujww wgkn zdvt twnm")
Calls: source -> withVisible -> eval -> eval
In addition: Warning messages:
1: package 'blastula' was built under R version 4.2.3 
2: package 'glue' was built under R version 4.2.3 
Execution halted
2024-03-16 12:55:02 
The email message was sent successfully.
2024-03-16 13:00:02 
[conflicted] Removing existing preference.
[conflicted] Will prefer dplyr::filter over any other package.
Logging ming_chang_tsai into https://canadiansport.smartabase.com/csip...
v Successfully logged ming_chang_tsai into https://canadiansport.smartabase.com/csip.
INSERTING 3 records into ISAK Anthros over 1 calls to the Smartabase API...
INSERTING 3 new records into ISAK Anthros...
v SUCCESSFULLY_INSERTED: 3 out of 3 records successfully inserted into ISAK Anthros.
[conflicted] Removing existing preference.
[conflicted] Will prefer dplyr::filter over any other package.
Initiating ISAK Anthros export between Mar 16 2017 - Mar 16 2024...
Requesting user data from Smartabase...
Initiating ISAK Anthros export between Mar 16 2017 - Mar 16 2024...Wrangling user data...
Wrangling user data...v User details export successful.
Requesting event data from Smartabase...
Wrangling event data...
v ISAK Anthros export successful (Mar 16 2017 - Mar 16 2024).


processing file: anthro_report_mct.Rmd
1/13                  
2/13 [unnamed-chunk-1]
3/13                  
4/13 [unnamed-chunk-2]
5/13                  
6/13 [unnamed-chunk-3]
7/13                  
8/13 [unnamed-chunk-4]
9/13                  
10/13 [unnamed-chunk-5]
11/13                  
12/13 [unnamed-chunk-6]
13/13                  
output file: anthro_report_mct.knit.md

/Applications/RStudio.app/Contents/Resources/app/quarto/bin/tools/pandoc +RTS -K512m -RTS anthro_report_mct.knit.md --to latex --from markdown+autolink_bare_uris+tex_math_single_backslash --output pandoc1a629cf51f1.tex --lua-filter /Library/Frameworks/R.framework/Versions/4.2-arm64/Resources/library/rmarkdown/rmarkdown/lua/pagebreak.lua --lua-filter /Library/Frameworks/R.framework/Versions/4.2-arm64/Resources/library/rmarkdown/rmarkdown/lua/latex-div.lua --embed-resources --standalone --highlight-style tango --pdf-engine pdflatex --variable graphics --include-in-header /tmp/Rtmpq2xMSo/rmarkdown-str1a624267d485.html --include-in-header /tmp/Rtmpq2xMSo/rmarkdown-str1a622eb189d2.html 

Output created: ~/CSI Pacific Dropbox/Ming-Chang Tsai/Tsai/CSIP/projects/misc/UVic/Vanessa/Data Wrangling/reports/2024-02-10/Mika Kimmins_2024-02-10.pdf


processing file: anthro_report_mct.Rmd
1/13                  
2/13 [unnamed-chunk-1]
3/13                  
4/13 [unnamed-chunk-2]
5/13                  
6/13 [unnamed-chunk-3]
7/13                  
8/13 [unnamed-chunk-4]
9/13                  
10/13 [unnamed-chunk-5]
11/13                  
12/13 [unnamed-chunk-6]
13/13                  
output file: anthro_report_mct.knit.md

/Applications/RStudio.app/Contents/Resources/app/quarto/bin/tools/pandoc +RTS -K512m -RTS anthro_report_mct.knit.md --to latex --from markdown+autolink_bare_uris+tex_math_single_backslash --output pandoc1a627949c000.tex --lua-filter /Library/Frameworks/R.framework/Versions/4.2-arm64/Resources/library/rmarkdown/rmarkdown/lua/pagebreak.lua --lua-filter /Library/Frameworks/R.framework/Versions/4.2-arm64/Resources/library/rmarkdown/rmarkdown/lua/latex-div.lua --embed-resources --standalone --highlight-style tango --pdf-engine pdflatex --variable graphics --include-in-header /tmp/Rtmpq2xMSo/rmarkdown-str1a625a225418.html --include-in-header /tmp/Rtmpq2xMSo/rmarkdown-str1a623bf21e3.html 

Output created: ~/CSI Pacific Dropbox/Ming-Chang Tsai/Tsai/CSIP/projects/misc/UVic/Vanessa/Data Wrangling/reports/2024-02-09/MacKenzie Copp_2024-02-09.pdf


processing file: anthro_report_mct.Rmd
1/13                  
2/13 [unnamed-chunk-1]
3/13                  
4/13 [unnamed-chunk-2]
5/13                  
6/13 [unnamed-chunk-3]
7/13                  
8/13 [unnamed-chunk-4]
9/13                  
10/13 [unnamed-chunk-5]
11/13                  
12/13 [unnamed-chunk-6]
13/13                  
output file: anthro_report_mct.knit.md

/Applications/RStudio.app/Contents/Resources/app/quarto/bin/tools/pandoc +RTS -K512m -RTS anthro_report_mct.knit.md --to latex --from markdown+autolink_bare_uris+tex_math_single_backslash --output pandoc1a627bf34efe.tex --lua-filter /Library/Frameworks/R.framework/Versions/4.2-arm64/Resources/library/rmarkdown/rmarkdown/lua/pagebreak.lua --lua-filter /Library/Frameworks/R.framework/Versions/4.2-arm64/Resources/library/rmarkdown/rmarkdown/lua/latex-div.lua --embed-resources --standalone --highlight-style tango --pdf-engine pdflatex --variable graphics --include-in-header /tmp/Rtmpq2xMSo/rmarkdown-str1a622e8cf494.html --include-in-header /tmp/Rtmpq2xMSo/rmarkdown-str1a62280d386c.html 

Output created: ~/CSI Pacific Dropbox/Ming-Chang Tsai/Tsai/CSIP/projects/misc/UVic/Vanessa/Data Wrangling/reports/2024-02-11/Patricia Obee_2024-02-11.pdf
The email message was sent successfully.
data uploaded!
Warning messages:
1: package 'blastula' was built under R version 4.2.3 
2: package 'glue' was built under R version 4.2.3 
2024-03-16 13:05:02 
The email message was sent successfully.
error email sent!
2024-03-16 13:10:03 
[conflicted] Removing existing preference.
[conflicted] Will prefer dplyr::filter over any other package.
Logging ming_chang_tsai into https://canadiansport.smartabase.com/csip...
v Successfully logged ming_chang_tsai into https://canadiansport.smartabase.com/csip.
INSERTING 3 records into ISAK Anthros over 1 calls to the Smartabase API...
INSERTING 3 new records into ISAK Anthros...
v SUCCESSFULLY_INSERTED: 3 out of 3 records successfully inserted into ISAK Anthros.
1/13                  
2/13 [unnamed-chunk-1]
3/13                  
4/13 [unnamed-chunk-2]
5/13                  
6/13 [unnamed-chunk-3]
7/13                  
8/13 [unnamed-chunk-4]
9/13                  
10/13 [unnamed-chunk-5]
11/13                  
12/13 [unnamed-chunk-6]
13/13                  
/Applications/RStudio.app/Contents/Resources/app/quarto/bin/tools/pandoc +RTS -K512m -RTS anthro_report_mct.knit.md --to latex --from markdown+autolink_bare_uris+tex_math_single_backslash --output pandoc1b1356078445.tex --lua-filter /Library/Frameworks/R.framework/Versions/4.2-arm64/Resources/library/rmarkdown/rmarkdown/lua/pagebreak.lua --lua-filter /Library/Frameworks/R.framework/Versions/4.2-arm64/Resources/library/rmarkdown/rmarkdown/lua/latex-div.lua --embed-resources --standalone --highlight-style tango --pdf-engine pdflatex --variable graphics --include-in-header /tmp/Rtmpn3Dgmx/rmarkdown-str1b133002a14b.html --include-in-header /tmp/Rtmpn3Dgmx/rmarkdown-str1b137cab5b8c.html 
1/13                  
2/13 [unnamed-chunk-1]
3/13                  
4/13 [unnamed-chunk-2]
5/13                  
6/13 [unnamed-chunk-3]
7/13                  
8/13 [unnamed-chunk-4]
9/13                  
10/13 [unnamed-chunk-5]
11/13                  
12/13 [unnamed-chunk-6]
13/13                  
/Applications/RStudio.app/Contents/Resources/app/quarto/bin/tools/pandoc +RTS -K512m -RTS anthro_report_mct.knit.md --to latex --from markdown+autolink_bare_uris+tex_math_single_backslash --output pandoc1b1321535e90.tex --lua-filter /Library/Frameworks/R.framework/Versions/4.2-arm64/Resources/library/rmarkdown/rmarkdown/lua/pagebreak.lua --lua-filter /Library/Frameworks/R.framework/Versions/4.2-arm64/Resources/library/rmarkdown/rmarkdown/lua/latex-div.lua --embed-resources --standalone --highlight-style tango --pdf-engine pdflatex --variable graphics --include-in-header /tmp/Rtmpn3Dgmx/rmarkdown-str1b1344df322c.html --include-in-header /tmp/Rtmpn3Dgmx/rmarkdown-str1b1319570a07.html 
1/13                  
2/13 [unnamed-chunk-1]
3/13                  
4/13 [unnamed-chunk-2]
5/13                  
6/13 [unnamed-chunk-3]
7/13                  
8/13 [unnamed-chunk-4]
9/13                  
10/13 [unnamed-chunk-5]
11/13                  
12/13 [unnamed-chunk-6]
13/13                  
/Applications/RStudio.app/Contents/Resources/app/quarto/bin/tools/pandoc +RTS -K512m -RTS anthro_report_mct.knit.md --to latex --from markdown+autolink_bare_uris+tex_math_single_backslash --output pandoc1b1322673b59.tex --lua-filter /Library/Frameworks/R.framework/Versions/4.2-arm64/Resources/library/rmarkdown/rmarkdown/lua/pagebreak.lua --lua-filter /Library/Frameworks/R.framework/Versions/4.2-arm64/Resources/library/rmarkdown/rmarkdown/lua/latex-div.lua --embed-resources --standalone --highlight-style tango --pdf-engine pdflatex --variable graphics --include-in-header /tmp/Rtmpn3Dgmx/rmarkdown-str1b1363659dab.html --include-in-header /tmp/Rtmpn3Dgmx/rmarkdown-str1b1324527888.html 
The email message was sent successfully.
data uploaded!
2024-03-16 13:15:02 
[conflicted] Removing existing preference.
[conflicted] Will prefer dplyr::filter over any other package.
Logging ming_chang_tsai into https://canadiansport.smartabase.com/csip...
v Successfully logged ming_chang_tsai into https://canadiansport.smartabase.com/csip.
INSERTING 3 records into ISAK Anthros over 1 calls to the Smartabase API...
INSERTING 3 new records into ISAK Anthros...
v SUCCESSFULLY_INSERTED: 3 out of 3 records successfully inserted into ISAK Anthros.
1/13                  
2/13 [unnamed-chunk-1]
3/13                  
4/13 [unnamed-chunk-2]
5/13                  
6/13 [unnamed-chunk-3]
7/13                  
8/13 [unnamed-chunk-4]
9/13                  
10/13 [unnamed-chunk-5]
11/13                  
12/13 [unnamed-chunk-6]
13/13                  
/Applications/RStudio.app/Contents/Resources/app/quarto/bin/tools/pandoc +RTS -K512m -RTS anthro_report_mct.knit.md --to latex --from markdown+autolink_bare_uris+tex_math_single_backslash --output pandoc1bca663f9851.tex --lua-filter /Library/Frameworks/R.framework/Versions/4.2-arm64/Resources/library/rmarkdown/rmarkdown/lua/pagebreak.lua --lua-filter /Library/Frameworks/R.framework/Versions/4.2-arm64/Resources/library/rmarkdown/rmarkdown/lua/latex-div.lua --embed-resources --standalone --highlight-style tango --pdf-engine pdflatex --variable graphics --include-in-header /tmp/RtmpWoaZjH/rmarkdown-str1bca6fe2ad1f.html --include-in-header /tmp/RtmpWoaZjH/rmarkdown-str1bcaad4079c.html 
1/13                  
2/13 [unnamed-chunk-1]
3/13                  
4/13 [unnamed-chunk-2]
5/13                  
6/13 [unnamed-chunk-3]
7/13                  
8/13 [unnamed-chunk-4]
9/13                  
10/13 [unnamed-chunk-5]
11/13                  
12/13 [unnamed-chunk-6]
13/13                  
/Applications/RStudio.app/Contents/Resources/app/quarto/bin/tools/pandoc +RTS -K512m -RTS anthro_report_mct.knit.md --to latex --from markdown+autolink_bare_uris+tex_math_single_backslash --output pandoc1bca6762dd33.tex --lua-filter /Library/Frameworks/R.framework/Versions/4.2-arm64/Resources/library/rmarkdown/rmarkdown/lua/pagebreak.lua --lua-filter /Library/Frameworks/R.framework/Versions/4.2-arm64/Resources/library/rmarkdown/rmarkdown/lua/latex-div.lua --embed-resources --standalone --highlight-style tango --pdf-engine pdflatex --variable graphics --include-in-header /tmp/RtmpWoaZjH/rmarkdown-str1bca3526b492.html --include-in-header /tmp/RtmpWoaZjH/rmarkdown-str1bca18f881.html 
1/13                  
2/13 [unnamed-chunk-1]
3/13                  
4/13 [unnamed-chunk-2]
5/13                  
6/13 [unnamed-chunk-3]
7/13                  
8/13 [unnamed-chunk-4]
9/13                  
10/13 [unnamed-chunk-5]
11/13                  
12/13 [unnamed-chunk-6]
13/13                  
/Applications/RStudio.app/Contents/Resources/app/quarto/bin/tools/pandoc +RTS -K512m -RTS anthro_report_mct.knit.md --to latex --from markdown+autolink_bare_uris+tex_math_single_backslash --output pandoc1bca1b8bceea.tex --lua-filter /Library/Frameworks/R.framework/Versions/4.2-arm64/Resources/library/rmarkdown/rmarkdown/lua/pagebreak.lua --lua-filter /Library/Frameworks/R.framework/Versions/4.2-arm64/Resources/library/rmarkdown/rmarkdown/lua/latex-div.lua --embed-resources --standalone --highlight-style tango --pdf-engine pdflatex --variable graphics --include-in-header /tmp/RtmpWoaZjH/rmarkdown-str1bca7998ebf3.html --include-in-header /tmp/RtmpWoaZjH/rmarkdown-str1bca26aadce3.html 
The email message was sent successfully.
data uploaded!
2024-03-16 13:20:02 
Error: unexpected symbol in:
"      (source(here("~","CSI Pacific Dropbox","Ming-Chang Tsai","Tsai","CSIP","projects","CSIP","anthro","code","report_generation.R"))
      source"
Execution halted
2024-03-16 13:25:02 
[conflicted] Removing existing preference.
[conflicted] Will prefer dplyr::filter over any other package.
Logging ming_chang_tsai into https://canadiansport.smartabase.com/csip...
v Successfully logged ming_chang_tsai into https://canadiansport.smartabase.com/csip.
INSERTING 3 records into ISAK Anthros over 1 calls to the Smartabase API...
INSERTING 3 new records into ISAK Anthros...
v SUCCESSFULLY_INSERTED: 3 out of 3 records successfully inserted into ISAK Anthros.
[conflicted] Removing existing preference.
[conflicted] Will prefer dplyr::filter over any other package.
Initiating ISAK Anthros export between Mar 16 2017 - Mar 16 2024...
Requesting user data from Smartabase...
Initiating ISAK Anthros export between Mar 16 2017 - Mar 16 2024...Wrangling user data...
Wrangling user data...v User details export successful.
Requesting event data from Smartabase...
Wrangling event data...
v ISAK Anthros export successful (Mar 16 2017 - Mar 16 2024).
1/13                  
2/13 [unnamed-chunk-1]
3/13                  
4/13 [unnamed-chunk-2]
5/13                  
6/13 [unnamed-chunk-3]
7/13                  
8/13 [unnamed-chunk-4]
9/13                  
10/13 [unnamed-chunk-5]
11/13                  
12/13 [unnamed-chunk-6]
13/13                  
/Applications/RStudio.app/Contents/Resources/app/quarto/bin/tools/pandoc +RTS -K512m -RTS anthro_report_mct.knit.md --to latex --from markdown+autolink_bare_uris+tex_math_single_backslash --output pandoc1cb13ada8912.tex --lua-filter /Library/Frameworks/R.framework/Versions/4.2-arm64/Resources/library/rmarkdown/rmarkdown/lua/pagebreak.lua --lua-filter /Library/Frameworks/R.framework/Versions/4.2-arm64/Resources/library/rmarkdown/rmarkdown/lua/latex-div.lua --embed-resources --standalone --highlight-style tango --pdf-engine pdflatex --variable graphics --include-in-header /tmp/RtmpQGMM5n/rmarkdown-str1cb14ed13a6c.html --include-in-header /tmp/RtmpQGMM5n/rmarkdown-str1cb1a52b0e1.html 
1/13                  
2/13 [unnamed-chunk-1]
3/13                  
4/13 [unnamed-chunk-2]
5/13                  
6/13 [unnamed-chunk-3]
7/13                  
8/13 [unnamed-chunk-4]
9/13                  
10/13 [unnamed-chunk-5]
11/13                  
12/13 [unnamed-chunk-6]
13/13                  
/Applications/RStudio.app/Contents/Resources/app/quarto/bin/tools/pandoc +RTS -K512m -RTS anthro_report_mct.knit.md --to latex --from markdown+autolink_bare_uris+tex_math_single_backslash --output pandoc1cb15ea5a127.tex --lua-filter /Library/Frameworks/R.framework/Versions/4.2-arm64/Resources/library/rmarkdown/rmarkdown/lua/pagebreak.lua --lua-filter /Library/Frameworks/R.framework/Versions/4.2-arm64/Resources/library/rmarkdown/rmarkdown/lua/latex-div.lua --embed-resources --standalone --highlight-style tango --pdf-engine pdflatex --variable graphics --include-in-header /tmp/RtmpQGMM5n/rmarkdown-str1cb15d049aa.html --include-in-header /tmp/RtmpQGMM5n/rmarkdown-str1cb12d943ae1.html 
1/13                  
2/13 [unnamed-chunk-1]
3/13                  
4/13 [unnamed-chunk-2]
5/13                  
6/13 [unnamed-chunk-3]
7/13                  
8/13 [unnamed-chunk-4]
9/13                  
10/13 [unnamed-chunk-5]
11/13                  
12/13 [unnamed-chunk-6]
13/13                  
/Applications/RStudio.app/Contents/Resources/app/quarto/bin/tools/pandoc +RTS -K512m -RTS anthro_report_mct.knit.md --to latex --from markdown+autolink_bare_uris+tex_math_single_backslash --output pandoc1cb148ec834f.tex --lua-filter /Library/Frameworks/R.framework/Versions/4.2-arm64/Resources/library/rmarkdown/rmarkdown/lua/pagebreak.lua --lua-filter /Library/Frameworks/R.framework/Versions/4.2-arm64/Resources/library/rmarkdown/rmarkdown/lua/latex-div.lua --embed-resources --standalone --highlight-style tango --pdf-engine pdflatex --variable graphics --include-in-header /tmp/RtmpQGMM5n/rmarkdown-str1cb15ace4ccd.html --include-in-header /tmp/RtmpQGMM5n/rmarkdown-str1cb11e14554e.html 
The email message was sent successfully.
data uploaded!
2024-03-16 13:30:02 
no files found!
2024-03-16 13:35:03 
no files found!
2024-03-16 13:40:03 
no files found!
2024-03-16 13:45:02 
no files found!
2024-03-16 13:50:02 
no files found!
2024-03-16 13:55:03 
no files found!
2024-03-16 14:00:02 
no files found!
2024-03-16 14:05:02 
no files found!
2024-03-16 14:10:02 
no files found!
2024-03-16 14:15:02 
no files found!
2024-03-16 14:20:02 
no files found!
2024-03-16 14:25:02 
no files found!
2024-03-16 14:30:02 
no files found!
2024-03-16 14:35:02 
no files found!
2024-03-16 14:40:02 
no files found!
2024-03-16 14:45:02 
no files found!
2024-03-16 14:50:02 
no files found!
2024-03-16 14:55:03 
no files found!
2024-03-16 15:00:02 
no files found!
2024-03-16 15:05:02 
no files found!
2024-03-16 15:10:02 
no files found!
2024-03-16 15:15:02 
no files found!
2024-03-16 15:20:03 
no files found!
2024-03-16 15:25:02 
no files found!
2024-03-16 15:30:02 
no files found!
2024-03-16 15:35:02 
no files found!
2024-03-16 15:40:02 
no files found!
2024-03-16 15:45:02 
no files found!
2024-03-16 15:50:02 
no files found!
2024-03-16 15:55:02 
no files found!
2024-03-16 16:00:02 
no files found!
2024-03-16 16:05:02 
no files found!
2024-03-16 16:10:02 
no files found!
2024-03-16 16:15:02 
no files found!
2024-03-16 16:20:02 
no files found!
2024-03-16 16:25:02 
no files found!
2024-03-16 16:30:02 
no files found!
2024-03-16 16:35:02 
no files found!
2024-03-16 16:40:02 
no files found!
2024-03-16 16:45:02 
no files found!
2024-03-16 16:50:02 
no files found!
2024-03-16 16:55:02 
no files found!
2024-03-16 17:00:02 
no files found!
2024-03-16 17:05:02 
no files found!
2024-03-16 17:10:02 
no files found!
2024-03-16 17:15:02 
no files found!
2024-03-16 17:20:02 
no files found!
2024-03-16 17:25:02 
no files found!
2024-03-16 17:30:02 
no files found!
2024-03-16 17:35:02 
no files found!
2024-03-16 17:40:02 
no files found!
2024-03-16 17:45:02 
no files found!
2024-03-16 17:50:02 
no files found!
2024-03-16 17:55:02 
no files found!
2024-03-16 18:00:02 
no files found!
2024-03-16 18:05:02 
no files found!
2024-03-16 18:10:02 
no files found!
2024-03-16 18:15:03 
no files found!
2024-03-16 18:20:02 
no files found!
2024-03-16 18:25:02 
no files found!
2024-03-16 18:30:02 
no files found!
2024-03-16 18:35:02 
no files found!
2024-03-16 18:40:03 
no files found!
2024-03-16 18:45:02 
no files found!
2024-03-16 18:50:02 
no files found!
2024-03-16 18:55:02 
no files found!
2024-03-16 19:00:02 
no files found!
2024-03-16 19:05:02 
no files found!
2024-03-16 19:10:02 
no files found!
2024-03-16 19:15:02 
no files found!
2024-03-16 19:20:03 
no files found!
2024-03-16 19:25:02 
no files found!
2024-03-16 19:30:02 
no files found!
2024-03-16 19:35:02 
no files found!
2024-03-16 19:40:02 
no files found!
2024-03-16 19:45:03 
no files found!
2024-03-16 19:50:02 
no files found!
2024-03-16 19:55:02 
no files found!
2024-03-16 20:00:02 
no files found!
2024-03-16 20:05:02 
no files found!
2024-03-16 20:10:02 
no files found!
2024-03-16 20:15:03 
no files found!
2024-03-16 20:20:02 
no files found!
2024-03-16 20:25:03 
no files found!
2024-03-16 20:30:02 
no files found!
2024-03-16 20:35:03 
no files found!
2024-03-16 20:40:02 
no files found!
2024-03-16 20:45:03 
no files found!
2024-03-16 20:50:02 
no files found!
2024-03-16 20:55:02 
no files found!
2024-03-16 21:00:03 
no files found!
2024-03-16 21:05:02 
no files found!
2024-03-16 21:10:02 
no files found!
2024-03-16 21:15:03 
no files found!
2024-03-16 21:20:02 
no files found!
2024-03-16 21:25:02 
no files found!
2024-03-16 21:30:02 
no files found!
2024-03-16 21:35:02 
no files found!
2024-03-16 21:40:03 
no files found!
2024-03-16 21:45:02 
no files found!
2024-03-16 21:50:02 
no files found!
2024-03-16 21:55:02 
no files found!
2024-03-16 22:00:02 
no files found!
2024-03-16 22:05:03 
no files found!
2024-03-16 22:10:02 
no files found!
2024-03-16 22:15:02 
no files found!
2024-03-16 22:20:02 
no files found!
2024-03-16 22:25:02 
no files found!
2024-03-16 22:30:02 
no files found!
2024-03-16 22:35:02 
no files found!
2024-03-16 22:40:02 
no files found!
2024-03-16 22:45:03 
no files found!
2024-03-16 22:50:02 
no files found!
2024-03-16 22:55:02 
no files found!
2024-03-16 23:00:02 
no files found!
2024-03-16 23:05:02 
no files found!
2024-03-16 23:10:02 
no files found!
2024-03-16 23:15:03 
no files found!
2024-03-16 23:20:02 
no files found!
2024-03-16 23:25:02 
no files found!
2024-03-16 23:30:02 
no files found!
2024-03-16 23:35:02 
no files found!
2024-03-16 23:40:02 
no files found!
2024-03-16 23:45:02 
no files found!
2024-03-16 23:50:02 
no files found!
2024-03-16 23:55:02 
no files found!
2024-03-17 00:00:03 
no files found!
2024-03-17 00:05:02 
no files found!
2024-03-17 00:10:02 
no files found!
2024-03-17 00:15:02 
no files found!
2024-03-17 00:20:03 
no files found!
2024-03-17 00:25:02 
no files found!
2024-03-17 00:30:02 
no files found!
2024-03-17 00:35:02 
no files found!
2024-03-17 00:40:03 
no files found!
2024-03-17 00:45:02 
no files found!
2024-03-17 00:50:02 
no files found!
2024-03-17 00:55:02 
no files found!
2024-03-17 01:00:02 
no files found!
2024-03-17 01:05:02 
no files found!
2024-03-17 01:10:02 
no files found!
2024-03-17 01:15:02 
no files found!
2024-03-17 01:20:02 
no files found!
2024-03-17 01:25:02 
no files found!
2024-03-17 01:30:03 
no files found!
2024-03-17 01:35:02 
no files found!
2024-03-17 01:40:02 
no files found!
2024-03-17 01:45:02 
no files found!
2024-03-17 01:50:02 
no files found!
2024-03-17 01:55:02 
no files found!
2024-03-17 02:00:02 
no files found!
2024-03-17 02:05:03 
no files found!
2024-03-17 02:10:02 
no files found!
2024-03-17 02:15:02 
no files found!
2024-03-17 02:20:02 
no files found!
2024-03-17 02:25:02 
no files found!
2024-03-17 02:30:02 
no files found!
2024-03-17 02:35:02 
no files found!
2024-03-17 02:40:03 
no files found!
2024-03-17 02:45:02 
no files found!
2024-03-17 02:50:02 
no files found!
2024-03-17 02:55:02 
no files found!
2024-03-17 03:00:02 
no files found!
2024-03-17 03:05:02 
no files found!
2024-03-17 03:10:02 
no files found!
2024-03-17 03:15:02 
no files found!
2024-03-17 03:20:03 
no files found!
2024-03-17 03:25:02 
no files found!
2024-03-17 03:30:02 
no files found!
2024-03-17 03:35:02 
no files found!
2024-03-17 03:40:02 
no files found!
2024-03-17 03:45:03 
no files found!
2024-03-17 03:50:02 
no files found!
2024-03-17 03:55:02 
no files found!
2024-03-17 04:00:02 
no files found!
2024-03-17 04:05:02 
no files found!
2024-03-17 04:10:02 
no files found!
2024-03-17 04:15:02 
no files found!
2024-03-17 04:20:02 
no files found!
2024-03-17 04:25:02 
no files found!
2024-03-17 04:30:02 
no files found!
2024-03-17 04:35:02 
no files found!
2024-03-17 04:40:02 
no files found!
2024-03-17 04:45:02 
no files found!
2024-03-17 04:50:02 
no files found!
2024-03-17 04:55:03 
no files found!
2024-03-17 05:00:02 
no files found!
2024-03-17 05:05:02 
no files found!
2024-03-17 05:10:02 
no files found!
2024-03-17 05:15:02 
no files found!
2024-03-17 05:20:02 
no files found!
2024-03-17 05:25:03 
no files found!
2024-03-17 05:30:02 
no files found!
2024-03-17 05:35:02 
no files found!
2024-03-17 05:40:02 
no files found!
2024-03-17 05:45:02 
no files found!
2024-03-17 05:50:02 
no files found!
2024-03-17 05:55:02 
no files found!
2024-03-17 06:00:03 
no files found!
2024-03-17 06:05:02 
no files found!
2024-03-17 06:10:02 
no files found!
2024-03-17 06:15:02 
no files found!
2024-03-17 06:20:02 
no files found!
2024-03-17 06:25:02 
no files found!
2024-03-17 06:30:02 
no files found!
2024-03-17 06:35:03 
no files found!
2024-03-17 06:40:02 
no files found!
2024-03-17 06:45:02 
no files found!
2024-03-17 06:50:02 
no files found!
2024-03-17 06:55:02 
no files found!
2024-03-17 07:00:02 
no files found!
2024-03-17 07:05:02 
no files found!
2024-03-17 07:10:02 
no files found!
2024-03-17 07:15:02 
no files found!
2024-03-17 07:20:02 
no files found!
2024-03-17 07:25:03 
no files found!
2024-03-17 07:30:02 
no files found!
2024-03-17 07:35:02 
no files found!
2024-03-17 07:40:02 
no files found!
2024-03-17 07:45:02 
no files found!
2024-03-17 07:50:02 
no files found!
2024-03-17 07:55:02 
no files found!
2024-03-17 08:00:03 
no files found!
2024-03-17 08:05:02 
no files found!
2024-03-17 08:10:02 
no files found!
2024-03-17 08:15:02 
no files found!
2024-03-17 08:20:02 
no files found!
2024-03-17 08:25:02 
no files found!
2024-03-17 08:30:02 
no files found!
2024-03-17 08:35:02 
no files found!
Warning messages:
1: package 'smartabaseR' is not available for this version of R

A version of this package for your version of R might be available elsewhere,
see the ideas at
https://cran.r-project.org/doc/manuals/r-patched/R-admin.html#Installing-packages 
2: 'BiocManager' not available.  Could not check Bioconductor.

Please use `install.packages('BiocManager')` and then retry. 
3: In p_install(package, character.only = TRUE, ...) : 
4: In library(package, lib.loc = lib.loc, character.only = TRUE, logical.return = TRUE,  :
  there is no package called 'smartabaseR'
5: In p_load(tidyverse, smartabaseR, conflicted, here) :
  Failed to install/load:
smartabaseR
2024-06-10 08:30:07.461913 
no files found!
Warning messages:
1: package 'smartabaseR' is not available for this version of R

A version of this package for your version of R might be available elsewhere,
see the ideas at
https://cran.r-project.org/doc/manuals/r-patched/R-admin.html#Installing-packages 
2: 'BiocManager' not available.  Could not check Bioconductor.

Please use `install.packages('BiocManager')` and then retry. 
3: In p_install(package, character.only = TRUE, ...) : 
4: In library(package, lib.loc = lib.loc, character.only = TRUE, logical.return = TRUE,  :
  there is no package called 'smartabaseR'
5: In p_load(tidyverse, smartabaseR, conflicted, here) :
  Failed to install/load:
smartabaseR
2024-06-10 08:35:04.773954 
no files found!
Warning messages:
1: package 'smartabaseR' is not available for this version of R

A version of this package for your version of R might be available elsewhere,
see the ideas at
https://cran.r-project.org/doc/manuals/r-patched/R-admin.html#Installing-packages 
2: 'BiocManager' not available.  Could not check Bioconductor.

Please use `install.packages('BiocManager')` and then retry. 
3: In p_install(package, character.only = TRUE, ...) : 
4: In library(package, lib.loc = lib.loc, character.only = TRUE, logical.return = TRUE,  :
  there is no package called 'smartabaseR'
5: In p_load(tidyverse, smartabaseR, conflicted, here) :
  Failed to install/load:
smartabaseR
2024-06-10 08:40:06.140941 
no files found!
Warning messages:
1: package 'smartabaseR' is not available for this version of R

A version of this package for your version of R might be available elsewhere,
see the ideas at
https://cran.r-project.org/doc/manuals/r-patched/R-admin.html#Installing-packages 
2: 'BiocManager' not available.  Could not check Bioconductor.

Please use `install.packages('BiocManager')` and then retry. 
3: In p_install(package, character.only = TRUE, ...) : 
4: In library(package, lib.loc = lib.loc, character.only = TRUE, logical.return = TRUE,  :
  there is no package called 'smartabaseR'
5: In p_load(tidyverse, smartabaseR, conflicted, here) :
  Failed to install/load:
smartabaseR
2024-06-10 08:45:04.907551 
no files found!
Warning messages:
1: package 'smartabaseR' is not available for this version of R

A version of this package for your version of R might be available elsewhere,
see the ideas at
https://cran.r-project.org/doc/manuals/r-patched/R-admin.html#Installing-packages 
2: 'BiocManager' not available.  Could not check Bioconductor.

Please use `install.packages('BiocManager')` and then retry. 
3: In p_install(package, character.only = TRUE, ...) : 
4: In library(package, lib.loc = lib.loc, character.only = TRUE, logical.return = TRUE,  :
  there is no package called 'smartabaseR'
5: In p_load(tidyverse, smartabaseR, conflicted, here) :
  Failed to install/load:
smartabaseR
2024-06-10 08:50:06.415168 
no files found!
Warning messages:
1: package 'smartabaseR' is not available for this version of R

A version of this package for your version of R might be available elsewhere,
see the ideas at
https://cran.r-project.org/doc/manuals/r-patched/R-admin.html#Installing-packages 
2: 'BiocManager' not available.  Could not check Bioconductor.

Please use `install.packages('BiocManager')` and then retry. 
3: In p_install(package, character.only = TRUE, ...) : 
4: In library(package, lib.loc = lib.loc, character.only = TRUE, logical.return = TRUE,  :
  there is no package called 'smartabaseR'
5: In p_load(tidyverse, smartabaseR, conflicted, here) :
  Failed to install/load:
smartabaseR
2024-06-10 08:55:05.316423 
no files found!
Warning messages:
1: package 'smartabaseR' is not available for this version of R

A version of this package for your version of R might be available elsewhere,
see the ideas at
https://cran.r-project.org/doc/manuals/r-patched/R-admin.html#Installing-packages 
2: 'BiocManager' not available.  Could not check Bioconductor.

Please use `install.packages('BiocManager')` and then retry. 
3: In p_install(package, character.only = TRUE, ...) : 
4: In library(package, lib.loc = lib.loc, character.only = TRUE, logical.return = TRUE,  :
  there is no package called 'smartabaseR'
5: In p_load(tidyverse, smartabaseR, conflicted, here) :
  Failed to install/load:
smartabaseR
2024-06-10 09:00:10.736442 
no files found!
Warning messages:
1: package 'smartabaseR' is not available for this version of R

A version of this package for your version of R might be available elsewhere,
see the ideas at
https://cran.r-project.org/doc/manuals/r-patched/R-admin.html#Installing-packages 
2: 'BiocManager' not available.  Could not check Bioconductor.

Please use `install.packages('BiocManager')` and then retry. 
3: In p_install(package, character.only = TRUE, ...) : 
4: In library(package, lib.loc = lib.loc, character.only = TRUE, logical.return = TRUE,  :
  there is no package called 'smartabaseR'
5: In p_load(tidyverse, smartabaseR, conflicted, here) :
  Failed to install/load:
smartabaseR
2024-06-10 09:05:08.234102 
no files found!
Warning messages:
1: package 'smartabaseR' is not available for this version of R

A version of this package for your version of R might be available elsewhere,
see the ideas at
https://cran.r-project.org/doc/manuals/r-patched/R-admin.html#Installing-packages 
2: 'BiocManager' not available.  Could not check Bioconductor.

Please use `install.packages('BiocManager')` and then retry. 
3: In p_install(package, character.only = TRUE, ...) : 
4: In library(package, lib.loc = lib.loc, character.only = TRUE, logical.return = TRUE,  :
  there is no package called 'smartabaseR'
5: In p_load(tidyverse, smartabaseR, conflicted, here) :
  Failed to install/load:
smartabaseR
2024-06-10 09:10:07.367663 
no files found!
Warning messages:
1: package 'smartabaseR' is not available for this version of R

A version of this package for your version of R might be available elsewhere,
see the ideas at
https://cran.r-project.org/doc/manuals/r-patched/R-admin.html#Installing-packages 
2: 'BiocManager' not available.  Could not check Bioconductor.

Please use `install.packages('BiocManager')` and then retry. 
3: In p_install(package, character.only = TRUE, ...) : 
4: In library(package, lib.loc = lib.loc, character.only = TRUE, logical.return = TRUE,  :
  there is no package called 'smartabaseR'
5: In p_load(tidyverse, smartabaseR, conflicted, here) :
  Failed to install/load:
smartabaseR
2024-06-10 09:15:07.651022 
no files found!
Warning messages:
1: package 'smartabaseR' is not available for this version of R

A version of this package for your version of R might be available elsewhere,
see the ideas at
https://cran.r-project.org/doc/manuals/r-patched/R-admin.html#Installing-packages 
2: 'BiocManager' not available.  Could not check Bioconductor.

Please use `install.packages('BiocManager')` and then retry. 
3: In p_install(package, character.only = TRUE, ...) : 
4: In library(package, lib.loc = lib.loc, character.only = TRUE, logical.return = TRUE,  :
  there is no package called 'smartabaseR'
5: In p_load(tidyverse, smartabaseR, conflicted, here) :
  Failed to install/load:
smartabaseR
2024-06-10 09:20:05.524372 
no files found!
Warning messages:
1: package 'smartabaseR' is not available for this version of R

A version of this package for your version of R might be available elsewhere,
see the ideas at
https://cran.r-project.org/doc/manuals/r-patched/R-admin.html#Installing-packages 
2: 'BiocManager' not available.  Could not check Bioconductor.

Please use `install.packages('BiocManager')` and then retry. 
3: In p_install(package, character.only = TRUE, ...) : 
4: In library(package, lib.loc = lib.loc, character.only = TRUE, logical.return = TRUE,  :
  there is no package called 'smartabaseR'
5: In p_load(tidyverse, smartabaseR, conflicted, here) :
  Failed to install/load:
smartabaseR
2024-06-10 09:25:04.924413 
no files found!
Warning messages:
1: package 'smartabaseR' is not available for this version of R

A version of this package for your version of R might be available elsewhere,
see the ideas at
https://cran.r-project.org/doc/manuals/r-patched/R-admin.html#Installing-packages 
2: 'BiocManager' not available.  Could not check Bioconductor.

Please use `install.packages('BiocManager')` and then retry. 
3: In p_install(package, character.only = TRUE, ...) : 
4: In library(package, lib.loc = lib.loc, character.only = TRUE, logical.return = TRUE,  :
  there is no package called 'smartabaseR'
5: In p_load(tidyverse, smartabaseR, conflicted, here) :
  Failed to install/load:
smartabaseR
2024-06-10 09:30:05.215814 
no files found!
Warning messages:
1: package 'smartabaseR' is not available for this version of R

A version of this package for your version of R might be available elsewhere,
see the ideas at
https://cran.r-project.org/doc/manuals/r-patched/R-admin.html#Installing-packages 
2: 'BiocManager' not available.  Could not check Bioconductor.

Please use `install.packages('BiocManager')` and then retry. 
3: In p_install(package, character.only = TRUE, ...) : 
4: In library(package, lib.loc = lib.loc, character.only = TRUE, logical.return = TRUE,  :
  there is no package called 'smartabaseR'
5: In p_load(tidyverse, smartabaseR, conflicted, here) :
  Failed to install/load:
smartabaseR
2024-06-10 09:35:06.922116 
no files found!
Warning messages:
1: package 'smartabaseR' is not available for this version of R

A version of this package for your version of R might be available elsewhere,
see the ideas at
https://cran.r-project.org/doc/manuals/r-patched/R-admin.html#Installing-packages 
2: 'BiocManager' not available.  Could not check Bioconductor.

Please use `install.packages('BiocManager')` and then retry. 
3: In p_install(package, character.only = TRUE, ...) : 
4: In library(package, lib.loc = lib.loc, character.only = TRUE, logical.return = TRUE,  :
  there is no package called 'smartabaseR'
5: In p_load(tidyverse, smartabaseR, conflicted, here) :
  Failed to install/load:
smartabaseR
2024-06-10 09:40:08.348385 
no files found!
trying URL 'https://bioconductor.org/packages/3.19/bioc/bin/macosx/big-sur-arm64/contrib/4.4/BiocVersion_3.19.1.tgz'
Content type 'application/x-gzip' length 5927 bytes
==================================================
downloaded 5927 bytes


The downloaded binary packages are in
	/tmp/RtmpGF5pVp/downloaded_packages

smartabaseR installed
Warning message:
package 'smartabaseR' is not available for this version of R

A version of this package for your version of R might be available elsewhere,
see the ideas at
https://cran.r-project.org/doc/manuals/r-patched/R-admin.html#Installing-packages 
2024-06-10 09:45:12.924036 
no files found!
2024-06-10 09:50:02.971172 
no files found!
2024-06-10 09:55:02.798099 
no files found!
2024-06-10 10:00:02.791084 
no files found!
2024-06-10 10:05:02.664505 
no files found!
2024-06-10 10:10:02.628278 
no files found!
2024-06-10 10:15:02.34243 
no files found!
2024-06-10 10:20:02.118541 
no files found!
2024-06-10 10:25:02.702217 
no files found!
2024-06-10 10:30:02.433325 
Error in library(package, pos = pos, lib.loc = lib.loc, character.only = TRUE,  : 
  there is no package called 'blastula'
Calls: source -> withVisible -> eval -> eval
Execution halted
2024-06-10 10:35:02.299726 
Error in library(package, pos = pos, lib.loc = lib.loc, character.only = TRUE,  : 
  there is no package called 'blastula'
Calls: source -> withVisible -> eval -> eval
Execution halted
2024-06-10 10:40:02.11271 
Error in library(package, pos = pos, lib.loc = lib.loc, character.only = TRUE,  : 
  there is no package called 'blastula'
Calls: source -> withVisible -> eval -> eval
Execution halted
2024-06-10 10:45:01.925899 
Error in library(package, pos = pos, lib.loc = lib.loc, character.only = TRUE,  : 
  there is no package called 'blastula'
Calls: source -> withVisible -> eval -> eval
Execution halted
2024-06-10 10:50:02.964531 
Error in library(package, pos = pos, lib.loc = lib.loc, character.only = TRUE,  : 
  there is no package called 'blastula'
Calls: source -> withVisible -> eval -> eval
Execution halted
2024-06-10 10:55:02.923196 
Error in library(package, pos = pos, lib.loc = lib.loc, character.only = TRUE,  : 
  there is no package called 'blastula'
Calls: source -> withVisible -> eval -> eval
Execution halted
2024-06-10 11:00:02.175887 
Error in library(package, pos = pos, lib.loc = lib.loc, character.only = TRUE,  : 
  there is no package called 'blastula'
Calls: source -> withVisible -> eval -> eval
Execution halted
2024-06-10 11:05:03.251234 
Error in library(package, pos = pos, lib.loc = lib.loc, character.only = TRUE,  : 
  there is no package called 'blastula'
Calls: source -> withVisible -> eval -> eval
Execution halted
2024-06-10 11:10:02.31901 
The email message was sent successfully.
error email sent!
2024-06-10 11:15:03.053276 
no files found!
